<?xml version="1.0" encoding="UTF-8"?>
<!-- Generated by org.testng.reporters.JUnitXMLReporter -->
<testsuite ignored="4" hostname="Preetam" failures="0" tests="1" name="Default test" time="2.261" errors="0" timestamp="2023-07-17T21:40:45 EDT">
  <testcase classname="com.RESTAPI.Tests.FetchRecordsAndPrintInConcole" name="deleteZeroRecord" time="1.76"/>
  <testcase classname="com.RESTAPI.Tests.FetchRecordsAndPrintInConcole" name="CreateRecord" time="0.0">
    <ignored/>
  </testcase> <!-- CreateRecord -->
  <testcase classname="com.RESTAPI.Tests.FetchRecordsAndPrintInConcole" name="getSingleUser" time="0.0">
    <ignored/>
  </testcase> <!-- getSingleUser -->
  <testcase classname="com.RESTAPI.Tests.FetchRecordsAndPrintInConcole" name="deleteRecord" time="0.0">
    <ignored/>
  </testcase> <!-- deleteRecord -->
  <testcase classname="com.RESTAPI.Tests.FetchRecordsAndPrintInConcole" name="GetAllRecord" time="0.0">
    <ignored/>
  </testcase> <!-- GetAllRecord -->
</testsuite> <!-- Default test -->
