<?xml version="1.0" encoding="UTF-8"?>
<testng-results ignored="4" total="5" passed="1" failed="0" skipped="0">
  <reporter-output>
  </reporter-output>
  <suite started-at="2023-07-17T21:40:43 EDT" name="Default suite" finished-at="2023-07-17T21:40:45 EDT" duration-ms="2261">
    <groups>
    </groups>
    <test started-at="2023-07-17T21:40:43 EDT" name="Default test" finished-at="2023-07-17T21:40:45 EDT" duration-ms="2261">
      <class name="com.RESTAPI.Tests.FetchRecordsAndPrintInConcole">
        <test-method is-config="true" signature="init()[pri:0, instance:com.RESTAPI.Tests.FetchRecordsAndPrintInConcole@58d75e99]" started-at="2023-07-17T21:40:43 EDT" name="init" finished-at="2023-07-17T21:40:43 EDT" duration-ms="473" status="PASS">
          <reporter-output>
          </reporter-output>
        </test-method> <!-- init -->
        <test-method signature="deleteZeroRecord()[pri:0, instance:com.RESTAPI.Tests.FetchRecordsAndPrintInConcole@58d75e99]" started-at="2023-07-17T21:40:43 EDT" name="deleteZeroRecord" finished-at="2023-07-17T21:40:45 EDT" duration-ms="1760" status="PASS">
          <reporter-output>
          </reporter-output>
        </test-method> <!-- deleteZeroRecord -->
      </class> <!-- com.RESTAPI.Tests.FetchRecordsAndPrintInConcole -->
    </test> <!-- Default test -->
  </suite> <!-- Default suite -->
</testng-results>
